Terminals unused in grammar

    NATURAL


Grammar

    0 $accept: hello $end

    1 hello: IDENTIFIER NUMBER


Terminals, with rules where they appear

    $end (0) 0
    NUMBER (123) 1
    error (256)
    NATURAL (258)
    IDENTIFIER (259) 1


Nonterminals, with rules where they appear

    $accept (6)
        on left: 0
    hello (7)
        on left: 1
        on right: 0


State 0

    0 $accept: • hello $end

    IDENTIFIER  shift, and go to state 1

    hello  go to state 2


State 1

    1 hello: IDENTIFIER • NUMBER

    NUMBER  shift, and go to state 3


State 2

    0 $accept: hello • $end

    $end  shift, and go to state 4


State 3

    1 hello: IDENTIFIER NUMBER •

    $default  reduce using rule 1 (hello)


State 4

    0 $accept: hello $end •

    $default  accept
